<?xml version="1.0" encoding="UTF-8"?>
<!-- Generated by org.testng.reporters.JUnitReportReporter -->
<testsuite hostname="DESKTOP-5BBFA1D" failures="0" tests="1" name="com.dollardays.testcases.LoginTestcase" time="0.000" errors="0" timestamp="2021-01-06T12:36:35 EST" skipped="1">
  <testcase classname="com.dollardays.testcases.LoginTestcase" name="invokeLogin" time="0.000">
    <skipped/>
  </testcase> <!-- invokeLogin -->
  <system-out/>
</testsuite> <!-- com.dollardays.testcases.LoginTestcase -->
