<?xml version="1.0" encoding="UTF-8"?>
<!-- Generated by org.testng.reporters.JUnitReportReporter -->
<testsuite hostname="DESKTOP-5BBFA1D" failures="0" tests="1" name="com.dollardays.testcases.MyFavoritesTestcase" time="44.768" errors="0" timestamp="2021-01-07T15:32:28 EST" skipped="0">
  <testcase classname="com.dollardays.testcases.MyFavoritesTestcase" name="TC_08BestMatch" time="44.768"/>
  <system-out/>
</testsuite> <!-- com.dollardays.testcases.MyFavoritesTestcase -->
