<?xml version="1.0" encoding="UTF-8"?>
<!-- Generated by org.testng.reporters.JUnitReportReporter -->
<testsuite hostname="DESKTOP-5BBFA1D" failures="0" tests="3" name="com.dollardays.testcases.SearchTestcase" time="168.469" errors="0" timestamp="2020-12-21T00:21:22 EST" skipped="0">
  <testcase classname="com.dollardays.testcases.SearchTestcase" name="TC_01_searchWithValidDta" time="24.483"/>
  <system-out/>
  <testcase classname="com.dollardays.testcases.SearchTestcase" name="TC_03_searchPageWithNavigationLinks" time="111.489"/>
  <system-out/>
  <testcase classname="com.dollardays.testcases.SearchTestcase" name="TC_02_searchWithInvalidDta" time="32.497"/>
  <system-out/>
</testsuite> <!-- com.dollardays.testcases.SearchTestcase -->
