<?xml version="1.0" encoding="UTF-8"?>
<!-- Generated by org.testng.reporters.JUnitReportReporter -->
<testsuite hostname="DESKTOP-5BBFA1D" failures="0" tests="1" name="com.dollardays.testcases.ExamleTestcase" time="20.674" errors="0" timestamp="2020-12-19T11:35:47 EST" skipped="0">
  <testcase classname="com.dollardays.testcases.ExamleTestcase" name="login" time="20.674"/>
  <system-out/>
</testsuite> <!-- com.dollardays.testcases.ExamleTestcase -->
