<?xml version="1.0" encoding="UTF-8"?>
<!-- Generated by org.testng.reporters.JUnitReportReporter -->
<testsuite hostname="DESKTOP-5BBFA1D" failures="0" tests="3" name="com.dollardays.testcases.MyAddressBookTestCase" time="92.356" errors="0" timestamp="10 Jan 2021 15:42:23 GMT" skipped="0">
  <testcase classname="com.dollardays.testcases.MyAddressBookTestCase" name="login" time="22.423"/>
  <testcase classname="com.dollardays.testcases.MyAddressBookTestCase" name="addressBookCreate" time="19.777"/>
  <testcase classname="com.dollardays.testcases.MyAddressBookTestCase" name="addressBookLastCancel" time="50.156"/>
</testsuite> <!-- com.dollardays.testcases.MyAddressBookTestCase -->
