<?xml version="1.0" encoding="UTF-8"?>
<!-- Generated by org.testng.reporters.JUnitReportReporter -->
<testsuite hostname="DESKTOP-5BBFA1D" failures="0" tests="9" name="com.dollardays.testcases.NewAccountTestcase" time="232.009" errors="0" timestamp="10 Jan 2021 15:42:23 GMT" skipped="0">
  <testcase classname="com.dollardays.testcases.NewAccountTestcase" name="createlogin" time="26.469"/>
  <testcase classname="com.dollardays.testcases.NewAccountTestcase" name="createlogin" time="24.751"/>
  <testcase classname="com.dollardays.testcases.NewAccountTestcase" name="createlogin" time="24.482"/>
  <testcase classname="com.dollardays.testcases.NewAccountTestcase" name="createlogin" time="24.312"/>
  <testcase classname="com.dollardays.testcases.NewAccountTestcase" name="createlogin" time="24.317"/>
  <testcase classname="com.dollardays.testcases.NewAccountTestcase" name="createlogin" time="26.338"/>
  <testcase classname="com.dollardays.testcases.NewAccountTestcase" name="createlogin" time="26.303"/>
  <testcase classname="com.dollardays.testcases.NewAccountTestcase" name="createlogin" time="24.580"/>
  <testcase classname="com.dollardays.testcases.NewAccountTestcase" name="createlogin" time="30.457"/>
</testsuite> <!-- com.dollardays.testcases.NewAccountTestcase -->
