<?xml version="1.0" encoding="UTF-8"?>
<!-- Generated by org.testng.reporters.JUnitReportReporter -->
<testsuite hostname="DESKTOP-5BBFA1D" failures="0" tests="1" name="com.dollardays.testcases.SubmitARequestTestcase" time="57.922" errors="0" timestamp="10 Jan 2021 15:42:23 GMT" skipped="0">
  <testcase classname="com.dollardays.testcases.SubmitARequestTestcase" name="enteringthedata" time="57.922"/>
</testsuite> <!-- com.dollardays.testcases.SubmitARequestTestcase -->
