<?xml version="1.0" encoding="UTF-8"?>
<!-- Generated by org.testng.reporters.JUnitReportReporter -->
<testsuite hostname="DESKTOP-5BBFA1D" failures="0" tests="9" name="com.dollardays.testcases.NewAccount" time="237.555" errors="0" timestamp="10 Jan 2021 03:45:15 GMT" skipped="0">
  <testcase classname="com.dollardays.testcases.NewAccount" name="createlogin" time="25.560"/>
  <testcase classname="com.dollardays.testcases.NewAccount" name="createlogin" time="26.632"/>
  <testcase classname="com.dollardays.testcases.NewAccount" name="createlogin" time="26.932"/>
  <testcase classname="com.dollardays.testcases.NewAccount" name="createlogin" time="25.617"/>
  <testcase classname="com.dollardays.testcases.NewAccount" name="createlogin" time="25.509"/>
  <testcase classname="com.dollardays.testcases.NewAccount" name="createlogin" time="26.507"/>
  <testcase classname="com.dollardays.testcases.NewAccount" name="createlogin" time="26.959"/>
  <testcase classname="com.dollardays.testcases.NewAccount" name="createlogin" time="26.535"/>
  <testcase classname="com.dollardays.testcases.NewAccount" name="createlogin" time="27.304"/>
</testsuite> <!-- com.dollardays.testcases.NewAccount -->
